[00:00:37] [Async Chat Thread - #53/INFO]: [Not Secure] <Yahir2024> donde ya estas
[00:00:41] [Async Chat Thread - #54/INFO]: [Not Secure] <u53dvr123> - 33
[00:00:51] [Async Chat Thread - #53/INFO]: [Not Secure] <Yahir2024> rapido
[00:01:00] [Async Chat Thread - #54/INFO]: [Not Secure] <Yahir2024> duerme
[00:01:49] [Server thread/INFO]: Villager EntityVillager['Fletcher'/52008, uuid='1f0346c7-7027-43fd-a079-58a1ad9ee86e', l='ServerLevel[world]', x=-1370.88, y=95.02, z=870.49, cpos=[-86, 54], tl=74381, v=true] died, message: 'Fletcher was slain by Yahir2024'
[00:02:32] [Server thread/INFO]: Villager EntityVillager['Fletcher'/52038, uuid='21330f20-d9e3-4e08-94be-be25c315c0cd', l='ServerLevel[world]', x=-1366.32, y=94.56, z=866.29, cpos=[-86, 54], tl=75132, v=true] died, message: 'Fletcher was slain by Yahir2024'
[00:02:51] [Server thread/INFO]: Villager EntityVillager['Fletcher'/52052, uuid='ac68d914-9178-42ad-8cdc-77e4f206653c', l='ServerLevel[world]', x=-1373.01, y=94.00, z=859.92, cpos=[-86, 53], tl=75483, v=true] died, message: 'Fletcher was slain by Yahir2024'
[00:03:13] [Async Chat Thread - #55/INFO]: [Not Secure] <u53dvr123> manda otra vez coordenadas
[00:03:20] [Async Chat Thread - #56/INFO]: [Not Secure] <Yahir2024> ya
[00:03:34] [Async Chat Thread - #55/INFO]: [Not Secure] <Yahir2024> -1370 -99 -862
[00:03:57] [User Authenticator #7/INFO]: UUID of player u53dvr123 is ecec4120-461e-31aa-b9d4-2d26190f7e96
[00:03:57] [Server thread/INFO]: u53dvr123 lost connection: You logged in from another location
[00:03:57] [Server thread/INFO]: u53dvr123 left the game
[00:03:57] [Server thread/INFO]: u53dvr123 joined the game
[00:03:57] [Server thread/INFO]: u53dvr123[/[0:0:0:0:0:0:0:1%0]:33870] logged in with entity id 78715 at ([world]-1414.699999988079, 47.0, 373.69999998807907)
[00:05:50] [Async Chat Thread - #57/INFO]: [Not Secure] <u53dvr123> pasa otra vez coordenas
[00:06:02] [Async Chat Thread - #58/INFO]: [Not Secure] <Yahir2024> ya
[00:06:15] [Async Chat Thread - #57/INFO]: [Not Secure] <Yahir2024> -1370 -99 -862
[00:06:29] [Async Chat Thread - #57/INFO]: [Not Secure] <Yahir2024> el primero negativo los demas positivo
[00:09:37] [Async Chat Thread - #59/INFO]: [Not Secure] <u53dvr123> estoy en castillo de la aldea ven
[00:10:02] [Async Chat Thread - #61/INFO]: [Not Secure] <Yahir2024> invita diamante
[00:10:21] [Async Chat Thread - #59/INFO]: [Not Secure] <Yahir2024> gracias
[00:10:31] [Async Chat Thread - #61/INFO]: [Not Secure] <Yahir2024> que hacemos
[00:10:38] [Async Chat Thread - #61/INFO]: [Not Secure] <u53dvr123> no se
[00:10:54] [Async Chat Thread - #59/INFO]: [Not Secure] <Yahir2024> ya tengo toda mi armadura a proteccion 4
[00:11:12] [Async Chat Thread - #61/INFO]: [Not Secure] <Yahir2024> solo me falta las botas
[00:11:20] [Async Chat Thread - #61/INFO]: [Not Secure] <u53dvr123> hay mesa de encantamintos
[00:11:30] [Async Chat Thread - #59/INFO]: [Not Secure] <Yahir2024> si
[00:11:42] [Async Chat Thread - #59/INFO]: [Not Secure] <u53dvr123> donde
[00:11:51] [Async Chat Thread - #61/INFO]: [Not Secure] <Yahir2024> arriba de los aldeanos
[00:11:59] [Async Chat Thread - #59/INFO]: [Not Secure] <u53dvr123> tengo mucho oro
[00:12:42] [Async Chat Thread - #61/INFO]: [Not Secure] <Yahir2024> dormir
[00:13:10] [Server thread/INFO]: u53dvr123 has made the advancement [Suit Up]
[00:13:19] [Async Chat Thread - #59/INFO]: [Not Secure] <Yahir2024> ven a quie esta
[00:13:34] [Async Chat Thread - #59/INFO]: [Not Secure] <Yahir2024> ven
[00:13:53] [Async Chat Thread - #59/INFO]: [Not Secure] <Yahir2024> hay que hablar por discrod
[00:14:11] [Async Chat Thread - #59/INFO]: [Not Secure] <Yahir2024> mira
[00:14:16] [Async Chat Thread - #59/INFO]: [Not Secure] <u53dvr123> toy etrando
[00:15:06] [Async Chat Thread - #59/INFO]: [Not Secure] <Yahir2024> entra matheus
[00:15:24] [Async Chat Thread - #59/INFO]: [Not Secure] <u53dvr123> esta cargando
[00:15:36] [Async Chat Thread - #61/INFO]: [Not Secure] <Yahir2024> ya
[00:15:45] [Async Chat Thread - #61/INFO]: [Not Secure] <Yahir2024> mira mi armadura
[00:16:10] [Async Chat Thread - #61/INFO]: [Not Secure] <Yahir2024> mira
[00:16:23] [Async Chat Thread - #61/INFO]: [Not Secure] <Yahir2024> me lo devuelves
[00:16:42] [Server thread/INFO]: Yahir2024 has made the advancement [Hot Stuff]
[00:17:24] [Async Chat Thread - #62/INFO]: [Not Secure] <Yahir2024> y si vamos an nether
[00:17:26] [Async Chat Thread - #62/INFO]: [Not Secure] <u53dvr123> ya me conecto discord
[00:17:33] [Async Chat Thread - #62/INFO]: [Not Secure] <Yahir2024> entra
[00:17:57] [Async Chat Thread - #62/INFO]: [Not Secure] <Yahir2024> entra a la llamda
[00:23:30] [Server thread/INFO]: u53dvr123 has made the advancement [We Need to Go Deeper]
[00:24:11] [Server thread/INFO]: u53dvr123 has made the advancement [Not Today, Thank You]
[00:26:02] [Server thread/INFO]: Yahir2024 has made the advancement [Hidden in the Depths]
[00:28:03] [Server thread/INFO]: u53dvr123 tried to swim in lava
[00:29:36] [Server thread/INFO]: u53dvr123 was shot by Skeleton
[00:30:05] [Server thread/INFO]: u53dvr123 fell from a high place
[00:30:51] [Server thread/INFO]: u53dvr123 was slain by Zombie
[00:34:19] [Server thread/INFO]: u53dvr123 fell from a high place
[00:35:52] [User Authenticator #8/INFO]: UUID of player nicolas_12 is 7521db6e-fa3f-3dc0-882c-378ff900dcce
[00:35:52] [Server thread/INFO]: nicolas_12 joined the game
[00:35:52] [Server thread/INFO]: nicolas_12[/[0:0:0:0:0:0:0:1%0]:52860] logged in with entity id 85997 at ([world]-1347.300000011921, 96.0, 865.3068845369982)
[00:36:43] [Server thread/INFO]: u53dvr123 tried to swim in lava
[00:37:47] [User Authenticator #9/INFO]: UUID of player SoySeren is 67a3e565-93b4-3093-9b00-2d276040604b
[00:37:47] [Server thread/INFO]: SoySeren joined the game
[00:37:47] [Server thread/INFO]: SoySeren[/[0:0:0:0:0:0:0:1%0]:53742] logged in with entity id 86573 at ([world]-1375.6648192321722, 100.0, 862.8317988952149)
[00:39:23] [Server thread/WARN]: u53dvr123 moved too quickly! 4.783568919081063,-0.6002587330193023,8.941606241121917
[00:39:32] [Server thread/INFO]: SoySeren lost connection: Timed out
[00:39:32] [Server thread/INFO]: SoySeren left the game
[00:41:14] [Server thread/INFO]: nicolas_12 tried to swim in lava to escape Magma Cube
[00:41:48] [Server thread/INFO]: u53dvr123 tried to swim in lava to escape Magma Cube
[00:42:23] [Server thread/INFO]: u53dvr123 tried to swim in lava
[00:42:36] [Server thread/INFO]: [Not Secure] [Server] wdwadw
[00:42:43] [User Authenticator #10/INFO]: UUID of player SoySeren is 67a3e565-93b4-3093-9b00-2d276040604b
[00:42:43] [Server thread/INFO]: SoySeren joined the game
[00:42:43] [Server thread/INFO]: SoySeren[/[0:0:0:0:0:0:0:1%0]:59504] logged in with entity id 88856 at ([world]-1338.487500011921, 118.49511584925581, 813.6185693683816)
[00:42:54] [Async Chat Thread - #64/INFO]: [Not Secure] <Yahir2024> yauri
[00:42:56] [Async Chat Thread - #64/INFO]: [Not Secure] <nicolas_12> yauri tp a la aldea
[00:42:59] [Async Chat Thread - #65/INFO]: [Not Secure] <nicolas_12> porfa
[00:43:08] [Async Chat Thread - #65/INFO]: [Not Secure] <nicolas_12> estoy en la mansion xd
[00:43:14] [Async Chat Thread - #65/INFO]: [Not Secure] <SoySeren> oficialmente
[00:43:17] [Async Chat Thread - #65/INFO]: [Not Secure] <SoySeren> ya no soy admin
[00:43:18] [Async Chat Thread - #66/INFO]: [Not Secure] <SoySeren> carajo
[00:43:22] [Async Chat Thread - #66/INFO]: [Not Secure] <SoySeren> no are mas tp
[00:43:24] [Async Chat Thread - #66/INFO]: [Not Secure] <Yahir2024> quien es
[00:43:27] [Async Chat Thread - #65/INFO]: [Not Secure] <nicolas_12> nooooooooooo
[00:43:29] [Async Chat Thread - #65/INFO]: [Not Secure] <SoySeren> tu papa p
[00:44:06] [Server thread/INFO]: nicolas_12 was slain by Vindicator
[00:44:11] [Async Chat Thread - #65/INFO]: [Not Secure] <u53dvr123> -1388 86 897
[00:45:54] [Server thread/INFO]: nicolas_12 issued server command: /gamemode creative
[00:46:36] [Server thread/INFO]: nicolas_12 hit the ground too hard
[00:47:45] [Server thread/INFO]: SoySeren lost connection: Timed out
[00:47:45] [Server thread/INFO]: SoySeren left the game
[00:49:33] [Server thread/INFO]: u53dvr123 has made the advancement [Hidden in the Depths]
[00:51:32] [Server thread/INFO]: nicolas_12 was shot by Skeleton
[00:56:08] [Async Chat Thread - #67/INFO]: [Not Secure] <u53dvr123> -144 95 89
[00:57:07] [Server thread/INFO]: nicolas_12 was slain by Iron Golem
[01:01:35] [Server thread/INFO]: Villager EntityVillager['Toolsmith'/52014, uuid='aceef2c9-3883-42cb-9efb-004f493ff6dc', l='ServerLevel[world]', x=-1357.01, y=104.00, z=850.53, cpos=[-85, 53], tl=146088, v=true] died, message: 'Toolsmith was slain by nicolas_12'
[01:01:37] [Server thread/INFO]: Villager EntityVillager['Villager'/58820, uuid='a754422c-2cee-4bb7-a9ee-aaf760524c52', l='ServerLevel[world]', x=-1356.51, y=104.00, z=850.80, cpos=[-85, 53], tl=128480, v=true] died, message: 'Villager was slain by nicolas_12'
[01:04:43] [User Authenticator #11/INFO]: UUID of player SoySeren is 67a3e565-93b4-3093-9b00-2d276040604b
[01:04:43] [Server thread/INFO]: SoySeren joined the game
[01:04:43] [Server thread/INFO]: SoySeren[/[0:0:0:0:0:0:0:1%0]:42652] logged in with entity id 102119 at ([world]-1336.300000011921, 170.5, 813.0234038236971)
[01:05:22] [Server thread/INFO]: Yahir2024 has made the advancement [Not Today, Thank You]
[01:05:38] [Async Chat Thread - #69/INFO]: [Not Secure] <nicolas_12> duerman
[01:05:42] [Async Chat Thread - #69/INFO]: [Not Secure] <nicolas_12> yauri
[01:05:46] [Server thread/INFO]: SoySeren lost connection: Timed out
[01:05:46] [Server thread/INFO]: SoySeren left the game
[01:05:48] [User Authenticator #12/INFO]: UUID of player u53dvr123 is ecec4120-461e-31aa-b9d4-2d26190f7e96
[01:05:48] [Server thread/INFO]: u53dvr123 lost connection: You logged in from another location
[01:05:48] [Server thread/INFO]: u53dvr123 left the game
[01:05:48] [Server thread/INFO]: u53dvr123 joined the game
[01:05:48] [Server thread/INFO]: u53dvr123[/[0:0:0:0:0:0:0:1%0]:36548] logged in with entity id 102440 at ([world_nether]-178.4685501478472, 23.0, 93.61252559056345)
[01:07:52] [User Authenticator #13/INFO]: UUID of player SoySeren is 67a3e565-93b4-3093-9b00-2d276040604b
[01:07:52] [Server thread/INFO]: SoySeren joined the game
[01:07:52] [Server thread/INFO]: SoySeren[/[0:0:0:0:0:0:0:1%0]:56518] logged in with entity id 103059 at ([world]-1370.1784831914017, 94.66718561637803, 865.2888595134792)
[01:08:05] [Server thread/INFO]: SoySeren issued server command: /kill SoySeren
[01:08:05] [Server thread/INFO]: SoySeren was killed
[01:08:05] [Server thread/INFO]: [SoySeren: Killed SoySeren]
[01:08:15] [Server thread/INFO]: SoySeren issued server command: /gamemode creative
[01:08:15] [Server thread/INFO]: [SoySeren: Set own game mode to Creative Mode]
[01:08:20] [Server thread/INFO]: SoySeren issued server command: /gamemode survival
[01:08:20] [Server thread/INFO]: [SoySeren: Set own game mode to Survival Mode]
[01:08:27] [Server thread/INFO]: SoySeren issued server command: /gamemode creative
[01:08:27] [Server thread/INFO]: [SoySeren: Set own game mode to Creative Mode]
[01:08:50] [Server thread/INFO]: Yahir2024 lost connection: Timed out
[01:08:50] [Server thread/INFO]: Yahir2024 left the game
[01:08:52] [Server thread/INFO]: SoySeren issued server command: /gamemode survival
[01:08:52] [Server thread/INFO]: [SoySeren: Set own game mode to Survival Mode]
[01:09:29] [Server thread/INFO]: SoySeren issued server command: /gamemode spectator
[01:09:29] [Server thread/INFO]: [SoySeren: Set own game mode to Spectator Mode]
[01:09:31] [Server thread/INFO]: SoySeren issued server command: /tp nicolas_12
[01:09:31] [Server thread/INFO]: [SoySeren: Teleported SoySeren to nicolas_12]
[01:09:41] [Server thread/INFO]: SoySeren issued server command: /tp u53dvr123
[01:09:41] [Server thread/INFO]: [SoySeren: Teleported SoySeren to u53dvr123]
[01:10:03] [Server thread/INFO]: SoySeren issued server command: /tp nicolas_12
[01:10:03] [Server thread/INFO]: [SoySeren: Teleported SoySeren to nicolas_12]
